Performing C SOURCE FILE Test MULTIPASS_TEST_1_petsc_works_minimal failed with the following output:
Change Dir: /Users/huyvo/Codes/C++/PETScFSP/CMakeFiles/CMakeTmp

Run Build Command:"/usr/bin/make" "cmTC_ec38c/fast"
/Library/Developer/CommandLineTools/usr/bin/make -f CMakeFiles/cmTC_ec38c.dir/build.make CMakeFiles/cmTC_ec38c.dir/build
Building C object CMakeFiles/cmTC_ec38c.dir/src.c.o
/Library/Developer/CommandLineTools/usr/bin/cc  -I/usr/local/petsc-3.8.3/include  -DMULTIPASS_TEST_1_petsc_works_minimal   -o CMakeFiles/cmTC_ec38c.dir/src.c.o   -c /Users/huyvo/Codes/C++/PETScFSP/CMakeFiles/CMakeTmp/src.c
Linking C executable cmTC_ec38c
/Applications/CMake.app/Contents/bin/cmake -E cmake_link_script CMakeFiles/cmTC_ec38c.dir/link.txt --verbose=1
/Library/Developer/CommandLineTools/usr/bin/cc  -DMULTIPASS_TEST_1_petsc_works_minimal -Wl,-search_paths_first -Wl,-headerpad_max_install_names  -lgfortran -lm   CMakeFiles/cmTC_ec38c.dir/src.c.o  -o cmTC_ec38c /usr/local/petsc-3.8.3/lib/libpetsc.dylib 
Undefined symbols for architecture x86_64:
  "_ompi_mpi_comm_self", referenced from:
      _main in src.c.o
ld: symbol(s) not found for architecture x86_64
clang: error: linker command failed with exit code 1 (use -v to see invocation)
make[1]: *** [cmTC_ec38c] Error 1
make: *** [cmTC_ec38c/fast] Error 2

Return value: 1
Source file was:

static const char help[] = "PETSc test program.";
#include <petscts.h>
int main(int argc,char *argv[]) {
  PetscErrorCode ierr;
  TS ts;

  ierr = PetscInitialize(&argc,&argv,0,help);CHKERRQ(ierr);
  ierr = TSCreate(PETSC_COMM_WORLD,&ts);CHKERRQ(ierr);
  ierr = TSSetFromOptions(ts);CHKERRQ(ierr);
  ierr = TSDestroy(&ts);CHKERRQ(ierr);
  ierr = PetscFinalize();CHKERRQ(ierr);
  return 0;
}

Performing C SOURCE FILE Test MULTIPASS_TEST_2_petsc_works_allincludes failed with the following output:
Change Dir: /Users/huyvo/Codes/C++/PETScFSP/CMakeFiles/CMakeTmp

Run Build Command:"/usr/bin/make" "cmTC_982df/fast"
/Library/Developer/CommandLineTools/usr/bin/make -f CMakeFiles/cmTC_982df.dir/build.make CMakeFiles/cmTC_982df.dir/build
Building C object CMakeFiles/cmTC_982df.dir/src.c.o
/Library/Developer/CommandLineTools/usr/bin/cc  -I/usr/local/petsc-3.8.3/include  -DMULTIPASS_TEST_2_petsc_works_allincludes   -o CMakeFiles/cmTC_982df.dir/src.c.o   -c /Users/huyvo/Codes/C++/PETScFSP/CMakeFiles/CMakeTmp/src.c
Linking C executable cmTC_982df
/Applications/CMake.app/Contents/bin/cmake -E cmake_link_script CMakeFiles/cmTC_982df.dir/link.txt --verbose=1
/Library/Developer/CommandLineTools/usr/bin/cc  -DMULTIPASS_TEST_2_petsc_works_allincludes -Wl,-search_paths_first -Wl,-headerpad_max_install_names  -lgfortran -lm   CMakeFiles/cmTC_982df.dir/src.c.o  -o cmTC_982df /usr/local/petsc-3.8.3/lib/libpetsc.dylib 
Undefined symbols for architecture x86_64:
  "_ompi_mpi_comm_self", referenced from:
      _main in src.c.o
ld: symbol(s) not found for architecture x86_64
clang: error: linker command failed with exit code 1 (use -v to see invocation)
make[1]: *** [cmTC_982df] Error 1
make: *** [cmTC_982df/fast] Error 2

Return value: 1
Source file was:

static const char help[] = "PETSc test program.";
#include <petscts.h>
int main(int argc,char *argv[]) {
  PetscErrorCode ierr;
  TS ts;

  ierr = PetscInitialize(&argc,&argv,0,help);CHKERRQ(ierr);
  ierr = TSCreate(PETSC_COMM_WORLD,&ts);CHKERRQ(ierr);
  ierr = TSSetFromOptions(ts);CHKERRQ(ierr);
  ierr = TSDestroy(&ts);CHKERRQ(ierr);
  ierr = PetscFinalize();CHKERRQ(ierr);
  return 0;
}

Performing C SOURCE FILE Test MULTIPASS_TEST_1_petsc_works_minimal failed with the following output:
Change Dir: /Users/huyvo/Codes/C++/PETScFSP/CMakeFiles/CMakeTmp

Run Build Command:"/usr/local/bin/gmake" "cmTC_7a607/fast"
/usr/local/bin/gmake -f CMakeFiles/cmTC_7a607.dir/build.make CMakeFiles/cmTC_7a607.dir/build
gmake[1]: Entering directory '/Users/huyvo/Codes/C++/PETScFSP/CMakeFiles/CMakeTmp'
Building C object CMakeFiles/cmTC_7a607.dir/src.c.o
/Library/Developer/CommandLineTools/usr/bin/cc  -I/usr/local/petsc-3.8.3/include  -DMULTIPASS_TEST_1_petsc_works_minimal   -o CMakeFiles/cmTC_7a607.dir/src.c.o   -c /Users/huyvo/Codes/C++/PETScFSP/CMakeFiles/CMakeTmp/src.c
In file included from /Users/huyvo/Codes/C++/PETScFSP/CMakeFiles/CMakeTmp/src.c:3:
In file included from /usr/local/petsc-3.8.3/include/petscts.h:7:
In file included from /usr/local/petsc-3.8.3/include/petscsnes.h:6:
In file included from /usr/local/petsc-3.8.3/include/petscksp.h:6:
In file included from /usr/local/petsc-3.8.3/include/petscpc.h:6:
In file included from /usr/local/petsc-3.8.3/include/petscmat.h:6:
In file included from /usr/local/petsc-3.8.3/include/petscvec.h:9:
In file included from /usr/local/petsc-3.8.3/include/petscis.h:7:
/usr/local/petsc-3.8.3/include/petscsys.h:130:10: fatal error: 'mpi.h' file not found
#include <mpi.h>
         ^~~~~~~
1 error generated.
gmake[1]: *** [CMakeFiles/cmTC_7a607.dir/build.make:66: CMakeFiles/cmTC_7a607.dir/src.c.o] Error 1
gmake[1]: Leaving directory '/Users/huyvo/Codes/C++/PETScFSP/CMakeFiles/CMakeTmp'
gmake: *** [Makefile:126: cmTC_7a607/fast] Error 2

Return value: 1
Source file was:

static const char help[] = "PETSc test program.";
#include <petscts.h>
int main(int argc,char *argv[]) {
  PetscErrorCode ierr;
  TS ts;

  ierr = PetscInitialize(&argc,&argv,0,help);CHKERRQ(ierr);
  ierr = TSCreate(PETSC_COMM_WORLD,&ts);CHKERRQ(ierr);
  ierr = TSSetFromOptions(ts);CHKERRQ(ierr);
  ierr = TSDestroy(&ts);CHKERRQ(ierr);
  ierr = PetscFinalize();CHKERRQ(ierr);
  return 0;
}

Performing C SOURCE FILE Test MULTIPASS_TEST_2_petsc_works_allincludes failed with the following output:
Change Dir: /Users/huyvo/Codes/C++/PETScFSP/CMakeFiles/CMakeTmp

Run Build Command:"/usr/local/bin/gmake" "cmTC_cd969/fast"
/usr/local/bin/gmake -f CMakeFiles/cmTC_cd969.dir/build.make CMakeFiles/cmTC_cd969.dir/build
gmake[1]: Entering directory '/Users/huyvo/Codes/C++/PETScFSP/CMakeFiles/CMakeTmp'
Building C object CMakeFiles/cmTC_cd969.dir/src.c.o
/Library/Developer/CommandLineTools/usr/bin/cc  -I/usr/local/petsc-3.8.3/include  -DMULTIPASS_TEST_2_petsc_works_allincludes   -o CMakeFiles/cmTC_cd969.dir/src.c.o   -c /Users/huyvo/Codes/C++/PETScFSP/CMakeFiles/CMakeTmp/src.c
In file included from /Users/huyvo/Codes/C++/PETScFSP/CMakeFiles/CMakeTmp/src.c:3:
In file included from /usr/local/petsc-3.8.3/include/petscts.h:7:
In file included from /usr/local/petsc-3.8.3/include/petscsnes.h:6:
In file included from /usr/local/petsc-3.8.3/include/petscksp.h:6:
In file included from /usr/local/petsc-3.8.3/include/petscpc.h:6:
In file included from /usr/local/petsc-3.8.3/include/petscmat.h:6:
In file included from /usr/local/petsc-3.8.3/include/petscvec.h:9:
In file included from /usr/local/petsc-3.8.3/include/petscis.h:7:
/usr/local/petsc-3.8.3/include/petscsys.h:130:10: fatal error: 'mpi.h' file not found
#include <mpi.h>
         ^~~~~~~
1 error generated.
gmake[1]: *** [CMakeFiles/cmTC_cd969.dir/build.make:66: CMakeFiles/cmTC_cd969.dir/src.c.o] Error 1
gmake[1]: Leaving directory '/Users/huyvo/Codes/C++/PETScFSP/CMakeFiles/CMakeTmp'
gmake: *** [Makefile:126: cmTC_cd969/fast] Error 2

Return value: 1
Source file was:

static const char help[] = "PETSc test program.";
#include <petscts.h>
int main(int argc,char *argv[]) {
  PetscErrorCode ierr;
  TS ts;

  ierr = PetscInitialize(&argc,&argv,0,help);CHKERRQ(ierr);
  ierr = TSCreate(PETSC_COMM_WORLD,&ts);CHKERRQ(ierr);
  ierr = TSSetFromOptions(ts);CHKERRQ(ierr);
  ierr = TSDestroy(&ts);CHKERRQ(ierr);
  ierr = PetscFinalize();CHKERRQ(ierr);
  return 0;
}

Performing C SOURCE FILE Test MULTIPASS_TEST_3_petsc_works_alllibraries failed with the following output:
Change Dir: /Users/huyvo/Codes/C++/PETScFSP/CMakeFiles/CMakeTmp

Run Build Command:"/usr/local/bin/gmake" "cmTC_b7ef9/fast"
/usr/local/bin/gmake -f CMakeFiles/cmTC_b7ef9.dir/build.make CMakeFiles/cmTC_b7ef9.dir/build
gmake[1]: Entering directory '/Users/huyvo/Codes/C++/PETScFSP/CMakeFiles/CMakeTmp'
Building C object CMakeFiles/cmTC_b7ef9.dir/src.c.o
/Library/Developer/CommandLineTools/usr/bin/cc  -I/usr/local/petsc-3.8.3/include  -DMULTIPASS_TEST_3_petsc_works_alllibraries   -o CMakeFiles/cmTC_b7ef9.dir/src.c.o   -c /Users/huyvo/Codes/C++/PETScFSP/CMakeFiles/CMakeTmp/src.c
In file included from /Users/huyvo/Codes/C++/PETScFSP/CMakeFiles/CMakeTmp/src.c:3:
In file included from /usr/local/petsc-3.8.3/include/petscts.h:7:
In file included from /usr/local/petsc-3.8.3/include/petscsnes.h:6:
In file included from /usr/local/petsc-3.8.3/include/petscksp.h:6:
In file included from /usr/local/petsc-3.8.3/include/petscpc.h:6:
In file included from /usr/local/petsc-3.8.3/include/petscmat.h:6:
In file included from /usr/local/petsc-3.8.3/include/petscvec.h:9:
In file included from /usr/local/petsc-3.8.3/include/petscis.h:7:
/usr/local/petsc-3.8.3/include/petscsys.h:130:10: fatal error: 'mpi.h' file not found
#include <mpi.h>
         ^~~~~~~
1 error generated.
gmake[1]: *** [CMakeFiles/cmTC_b7ef9.dir/build.make:66: CMakeFiles/cmTC_b7ef9.dir/src.c.o] Error 1
gmake[1]: Leaving directory '/Users/huyvo/Codes/C++/PETScFSP/CMakeFiles/CMakeTmp'
gmake: *** [Makefile:126: cmTC_b7ef9/fast] Error 2

Return value: 1
Source file was:

static const char help[] = "PETSc test program.";
#include <petscts.h>
int main(int argc,char *argv[]) {
  PetscErrorCode ierr;
  TS ts;

  ierr = PetscInitialize(&argc,&argv,0,help);CHKERRQ(ierr);
  ierr = TSCreate(PETSC_COMM_WORLD,&ts);CHKERRQ(ierr);
  ierr = TSSetFromOptions(ts);CHKERRQ(ierr);
  ierr = TSDestroy(&ts);CHKERRQ(ierr);
  ierr = PetscFinalize();CHKERRQ(ierr);
  return 0;
}

Performing C SOURCE FILE Test MULTIPASS_TEST_4_petsc_works_all failed with the following output:
Change Dir: /Users/huyvo/Codes/C++/PETScFSP/CMakeFiles/CMakeTmp

Run Build Command:"/usr/local/bin/gmake" "cmTC_49452/fast"
/usr/local/bin/gmake -f CMakeFiles/cmTC_49452.dir/build.make CMakeFiles/cmTC_49452.dir/build
gmake[1]: Entering directory '/Users/huyvo/Codes/C++/PETScFSP/CMakeFiles/CMakeTmp'
Building C object CMakeFiles/cmTC_49452.dir/src.c.o
/Library/Developer/CommandLineTools/usr/bin/cc  -I/usr/local/petsc-3.8.3/include  -DMULTIPASS_TEST_4_petsc_works_all   -o CMakeFiles/cmTC_49452.dir/src.c.o   -c /Users/huyvo/Codes/C++/PETScFSP/CMakeFiles/CMakeTmp/src.c
In file included from /Users/huyvo/Codes/C++/PETScFSP/CMakeFiles/CMakeTmp/src.c:3:
In file included from /usr/local/petsc-3.8.3/include/petscts.h:7:
In file included from /usr/local/petsc-3.8.3/include/petscsnes.h:6:
In file included from /usr/local/petsc-3.8.3/include/petscksp.h:6:
In file included from /usr/local/petsc-3.8.3/include/petscpc.h:6:
In file included from /usr/local/petsc-3.8.3/include/petscmat.h:6:
In file included from /usr/local/petsc-3.8.3/include/petscvec.h:9:
In file included from /usr/local/petsc-3.8.3/include/petscis.h:7:
/usr/local/petsc-3.8.3/include/petscsys.h:130:10: fatal error: 'mpi.h' file not found
#include <mpi.h>
         ^~~~~~~
1 error generated.
gmake[1]: *** [CMakeFiles/cmTC_49452.dir/build.make:66: CMakeFiles/cmTC_49452.dir/src.c.o] Error 1
gmake[1]: Leaving directory '/Users/huyvo/Codes/C++/PETScFSP/CMakeFiles/CMakeTmp'
gmake: *** [Makefile:126: cmTC_49452/fast] Error 2

Return value: 1
Source file was:

static const char help[] = "PETSc test program.";
#include <petscts.h>
int main(int argc,char *argv[]) {
  PetscErrorCode ierr;
  TS ts;

  ierr = PetscInitialize(&argc,&argv,0,help);CHKERRQ(ierr);
  ierr = TSCreate(PETSC_COMM_WORLD,&ts);CHKERRQ(ierr);
  ierr = TSSetFromOptions(ts);CHKERRQ(ierr);
  ierr = TSDestroy(&ts);CHKERRQ(ierr);
  ierr = PetscFinalize();CHKERRQ(ierr);
  return 0;
}

Performing C SOURCE FILE Test MULTIPASS_TEST_1_petsc_works_minimal failed with the following output:
Change Dir: /Users/huyvo/Codes/C++/PETScFSP/CMakeFiles/CMakeTmp

Run Build Command:"/usr/local/bin/gmake" "cmTC_f0d5e/fast"
/usr/local/bin/gmake -f CMakeFiles/cmTC_f0d5e.dir/build.make CMakeFiles/cmTC_f0d5e.dir/build
gmake[1]: Entering directory '/Users/huyvo/Codes/C++/PETScFSP/CMakeFiles/CMakeTmp'
Building C object CMakeFiles/cmTC_f0d5e.dir/src.c.o
/Library/Developer/CommandLineTools/usr/bin/cc  -I/usr/local/petsc-3.3-p2/include  -DMULTIPASS_TEST_1_petsc_works_minimal   -o CMakeFiles/cmTC_f0d5e.dir/src.c.o   -c /Users/huyvo/Codes/C++/PETScFSP/CMakeFiles/CMakeTmp/src.c
Linking C executable cmTC_f0d5e
/Applications/CMake.app/Contents/bin/cmake -E cmake_link_script CMakeFiles/cmTC_f0d5e.dir/link.txt --verbose=1
/Library/Developer/CommandLineTools/usr/bin/cc  -DMULTIPASS_TEST_1_petsc_works_minimal -Wl,-search_paths_first -Wl,-headerpad_max_install_names  -lgfortran -lm   CMakeFiles/cmTC_f0d5e.dir/src.c.o  -o cmTC_f0d5e /usr/local/petsc-3.3-p2/lib/libpetsc.dylib 
Undefined symbols for architecture x86_64:
  "_ompi_mpi_comm_self", referenced from:
      _main in src.c.o
ld: symbol(s) not found for architecture x86_64
clang: error: linker command failed with exit code 1 (use -v to see invocation)
gmake[1]: *** [CMakeFiles/cmTC_f0d5e.dir/build.make:99: cmTC_f0d5e] Error 1
gmake[1]: Leaving directory '/Users/huyvo/Codes/C++/PETScFSP/CMakeFiles/CMakeTmp'
gmake: *** [Makefile:126: cmTC_f0d5e/fast] Error 2

Return value: 1
Source file was:

static const char help[] = "PETSc test program.";
#include <petscts.h>
int main(int argc,char *argv[]) {
  PetscErrorCode ierr;
  TS ts;

  ierr = PetscInitialize(&argc,&argv,0,help);CHKERRQ(ierr);
  ierr = TSCreate(PETSC_COMM_WORLD,&ts);CHKERRQ(ierr);
  ierr = TSSetFromOptions(ts);CHKERRQ(ierr);
  ierr = TSDestroy(&ts);CHKERRQ(ierr);
  ierr = PetscFinalize();CHKERRQ(ierr);
  return 0;
}

Performing C SOURCE FILE Test MULTIPASS_TEST_2_petsc_works_allincludes failed with the following output:
Change Dir: /Users/huyvo/Codes/C++/PETScFSP/CMakeFiles/CMakeTmp

Run Build Command:"/usr/local/bin/gmake" "cmTC_4b93b/fast"
/usr/local/bin/gmake -f CMakeFiles/cmTC_4b93b.dir/build.make CMakeFiles/cmTC_4b93b.dir/build
gmake[1]: Entering directory '/Users/huyvo/Codes/C++/PETScFSP/CMakeFiles/CMakeTmp'
Building C object CMakeFiles/cmTC_4b93b.dir/src.c.o
/Library/Developer/CommandLineTools/usr/bin/cc  -I/usr/local/petsc-3.3-p2/include  -DMULTIPASS_TEST_2_petsc_works_allincludes   -o CMakeFiles/cmTC_4b93b.dir/src.c.o   -c /Users/huyvo/Codes/C++/PETScFSP/CMakeFiles/CMakeTmp/src.c
Linking C executable cmTC_4b93b
/Applications/CMake.app/Contents/bin/cmake -E cmake_link_script CMakeFiles/cmTC_4b93b.dir/link.txt --verbose=1
/Library/Developer/CommandLineTools/usr/bin/cc  -DMULTIPASS_TEST_2_petsc_works_allincludes -Wl,-search_paths_first -Wl,-headerpad_max_install_names  -lgfortran -lm   CMakeFiles/cmTC_4b93b.dir/src.c.o  -o cmTC_4b93b /usr/local/petsc-3.3-p2/lib/libpetsc.dylib 
Undefined symbols for architecture x86_64:
  "_ompi_mpi_comm_self", referenced from:
      _main in src.c.o
ld: symbol(s) not found for architecture x86_64
clang: error: linker command failed with exit code 1 (use -v to see invocation)
gmake[1]: *** [CMakeFiles/cmTC_4b93b.dir/build.make:99: cmTC_4b93b] Error 1
gmake[1]: Leaving directory '/Users/huyvo/Codes/C++/PETScFSP/CMakeFiles/CMakeTmp'
gmake: *** [Makefile:126: cmTC_4b93b/fast] Error 2

Return value: 1
Source file was:

static const char help[] = "PETSc test program.";
#include <petscts.h>
int main(int argc,char *argv[]) {
  PetscErrorCode ierr;
  TS ts;

  ierr = PetscInitialize(&argc,&argv,0,help);CHKERRQ(ierr);
  ierr = TSCreate(PETSC_COMM_WORLD,&ts);CHKERRQ(ierr);
  ierr = TSSetFromOptions(ts);CHKERRQ(ierr);
  ierr = TSDestroy(&ts);CHKERRQ(ierr);
  ierr = PetscFinalize();CHKERRQ(ierr);
  return 0;
}

Performing C SOURCE FILE Test MULTIPASS_TEST_1_petsc_works_minimal failed with the following output:
Change Dir: /Users/huyvo/Codes/C++/PETScFSP/CMakeFiles/CMakeTmp

Run Build Command:"/usr/bin/make" "cmTC_037e0/fast"
/Library/Developer/CommandLineTools/usr/bin/make -f CMakeFiles/cmTC_037e0.dir/build.make CMakeFiles/cmTC_037e0.dir/build
Building C object CMakeFiles/cmTC_037e0.dir/src.c.o
/Library/Developer/CommandLineTools/usr/bin/cc  -I/usr/local/petsc-3.8.3/include  -DMULTIPASS_TEST_1_petsc_works_minimal   -o CMakeFiles/cmTC_037e0.dir/src.c.o   -c /Users/huyvo/Codes/C++/PETScFSP/CMakeFiles/CMakeTmp/src.c
Linking C executable cmTC_037e0
/Applications/CMake.app/Contents/bin/cmake -E cmake_link_script CMakeFiles/cmTC_037e0.dir/link.txt --verbose=1
/Library/Developer/CommandLineTools/usr/bin/cc  -DMULTIPASS_TEST_1_petsc_works_minimal -Wl,-search_paths_first -Wl,-headerpad_max_install_names  -lgfortran -lm   CMakeFiles/cmTC_037e0.dir/src.c.o  -o cmTC_037e0 /usr/local/petsc-3.8.3/lib/libpetsc.dylib 
Undefined symbols for architecture x86_64:
  "_ompi_mpi_comm_self", referenced from:
      _main in src.c.o
ld: symbol(s) not found for architecture x86_64
clang: error: linker command failed with exit code 1 (use -v to see invocation)
make[1]: *** [cmTC_037e0] Error 1
make: *** [cmTC_037e0/fast] Error 2

Return value: 1
Source file was:

static const char help[] = "PETSc test program.";
#include <petscts.h>
int main(int argc,char *argv[]) {
  PetscErrorCode ierr;
  TS ts;

  ierr = PetscInitialize(&argc,&argv,0,help);CHKERRQ(ierr);
  ierr = TSCreate(PETSC_COMM_WORLD,&ts);CHKERRQ(ierr);
  ierr = TSSetFromOptions(ts);CHKERRQ(ierr);
  ierr = TSDestroy(&ts);CHKERRQ(ierr);
  ierr = PetscFinalize();CHKERRQ(ierr);
  return 0;
}

Performing C SOURCE FILE Test MULTIPASS_TEST_2_petsc_works_allincludes failed with the following output:
Change Dir: /Users/huyvo/Codes/C++/PETScFSP/CMakeFiles/CMakeTmp

Run Build Command:"/usr/bin/make" "cmTC_38adb/fast"
/Library/Developer/CommandLineTools/usr/bin/make -f CMakeFiles/cmTC_38adb.dir/build.make CMakeFiles/cmTC_38adb.dir/build
Building C object CMakeFiles/cmTC_38adb.dir/src.c.o
/Library/Developer/CommandLineTools/usr/bin/cc  -I/usr/local/petsc-3.8.3/include  -DMULTIPASS_TEST_2_petsc_works_allincludes   -o CMakeFiles/cmTC_38adb.dir/src.c.o   -c /Users/huyvo/Codes/C++/PETScFSP/CMakeFiles/CMakeTmp/src.c
Linking C executable cmTC_38adb
/Applications/CMake.app/Contents/bin/cmake -E cmake_link_script CMakeFiles/cmTC_38adb.dir/link.txt --verbose=1
/Library/Developer/CommandLineTools/usr/bin/cc  -DMULTIPASS_TEST_2_petsc_works_allincludes -Wl,-search_paths_first -Wl,-headerpad_max_install_names  -lgfortran -lm   CMakeFiles/cmTC_38adb.dir/src.c.o  -o cmTC_38adb /usr/local/petsc-3.8.3/lib/libpetsc.dylib 
Undefined symbols for architecture x86_64:
  "_ompi_mpi_comm_self", referenced from:
      _main in src.c.o
ld: symbol(s) not found for architecture x86_64
clang: error: linker command failed with exit code 1 (use -v to see invocation)
make[1]: *** [cmTC_38adb] Error 1
make: *** [cmTC_38adb/fast] Error 2

Return value: 1
Source file was:

static const char help[] = "PETSc test program.";
#include <petscts.h>
int main(int argc,char *argv[]) {
  PetscErrorCode ierr;
  TS ts;

  ierr = PetscInitialize(&argc,&argv,0,help);CHKERRQ(ierr);
  ierr = TSCreate(PETSC_COMM_WORLD,&ts);CHKERRQ(ierr);
  ierr = TSSetFromOptions(ts);CHKERRQ(ierr);
  ierr = TSDestroy(&ts);CHKERRQ(ierr);
  ierr = PetscFinalize();CHKERRQ(ierr);
  return 0;
}

Performing C SOURCE FILE Test MULTIPASS_TEST_1_petsc_works_minimal failed with the following output:
Change Dir: /Users/huyvo/Codes/C++/PETScFSP/CMakeFiles/CMakeTmp

Run Build Command:"/usr/bin/make" "cmTC_87039/fast"
/Library/Developer/CommandLineTools/usr/bin/make -f CMakeFiles/cmTC_87039.dir/build.make CMakeFiles/cmTC_87039.dir/build
Building C object CMakeFiles/cmTC_87039.dir/src.c.o
/Library/Developer/CommandLineTools/usr/bin/cc  -I/usr/local/petsc-3.8.3/include  -DMULTIPASS_TEST_1_petsc_works_minimal   -o CMakeFiles/cmTC_87039.dir/src.c.o   -c /Users/huyvo/Codes/C++/PETScFSP/CMakeFiles/CMakeTmp/src.c
Linking C executable cmTC_87039
/Applications/CMake.app/Contents/bin/cmake -E cmake_link_script CMakeFiles/cmTC_87039.dir/link.txt --verbose=1
/Library/Developer/CommandLineTools/usr/bin/cc  -DMULTIPASS_TEST_1_petsc_works_minimal -Wl,-search_paths_first -Wl,-headerpad_max_install_names  -lgfortran -lm   CMakeFiles/cmTC_87039.dir/src.c.o  -o cmTC_87039 /usr/local/petsc-3.8.3/lib/libpetsc.dylib 
Undefined symbols for architecture x86_64:
  "_ompi_mpi_comm_self", referenced from:
      _main in src.c.o
ld: symbol(s) not found for architecture x86_64
clang: error: linker command failed with exit code 1 (use -v to see invocation)
make[1]: *** [cmTC_87039] Error 1
make: *** [cmTC_87039/fast] Error 2

Return value: 1
Source file was:

static const char help[] = "PETSc test program.";
#include <petscts.h>
int main(int argc,char *argv[]) {
  PetscErrorCode ierr;
  TS ts;

  ierr = PetscInitialize(&argc,&argv,0,help);CHKERRQ(ierr);
  ierr = TSCreate(PETSC_COMM_WORLD,&ts);CHKERRQ(ierr);
  ierr = TSSetFromOptions(ts);CHKERRQ(ierr);
  ierr = TSDestroy(&ts);CHKERRQ(ierr);
  ierr = PetscFinalize();CHKERRQ(ierr);
  return 0;
}

Performing C SOURCE FILE Test MULTIPASS_TEST_2_petsc_works_allincludes failed with the following output:
Change Dir: /Users/huyvo/Codes/C++/PETScFSP/CMakeFiles/CMakeTmp

Run Build Command:"/usr/bin/make" "cmTC_7ac37/fast"
/Library/Developer/CommandLineTools/usr/bin/make -f CMakeFiles/cmTC_7ac37.dir/build.make CMakeFiles/cmTC_7ac37.dir/build
Building C object CMakeFiles/cmTC_7ac37.dir/src.c.o
/Library/Developer/CommandLineTools/usr/bin/cc  -I/usr/local/petsc-3.8.3/include  -DMULTIPASS_TEST_2_petsc_works_allincludes   -o CMakeFiles/cmTC_7ac37.dir/src.c.o   -c /Users/huyvo/Codes/C++/PETScFSP/CMakeFiles/CMakeTmp/src.c
Linking C executable cmTC_7ac37
/Applications/CMake.app/Contents/bin/cmake -E cmake_link_script CMakeFiles/cmTC_7ac37.dir/link.txt --verbose=1
/Library/Developer/CommandLineTools/usr/bin/cc  -DMULTIPASS_TEST_2_petsc_works_allincludes -Wl,-search_paths_first -Wl,-headerpad_max_install_names  -lgfortran -lm   CMakeFiles/cmTC_7ac37.dir/src.c.o  -o cmTC_7ac37 /usr/local/petsc-3.8.3/lib/libpetsc.dylib 
Undefined symbols for architecture x86_64:
  "_ompi_mpi_comm_self", referenced from:
      _main in src.c.o
ld: symbol(s) not found for architecture x86_64
clang: error: linker command failed with exit code 1 (use -v to see invocation)
make[1]: *** [cmTC_7ac37] Error 1
make: *** [cmTC_7ac37/fast] Error 2

Return value: 1
Source file was:

static const char help[] = "PETSc test program.";
#include <petscts.h>
int main(int argc,char *argv[]) {
  PetscErrorCode ierr;
  TS ts;

  ierr = PetscInitialize(&argc,&argv,0,help);CHKERRQ(ierr);
  ierr = TSCreate(PETSC_COMM_WORLD,&ts);CHKERRQ(ierr);
  ierr = TSSetFromOptions(ts);CHKERRQ(ierr);
  ierr = TSDestroy(&ts);CHKERRQ(ierr);
  ierr = PetscFinalize();CHKERRQ(ierr);
  return 0;
}

Performing C SOURCE FILE Test MULTIPASS_TEST_1_petsc_works_minimal failed with the following output:
Change Dir: /Users/huyvo/Codes/C++/PETScFSP/CMakeFiles/CMakeTmp

Run Build Command:"/usr/bin/make" "cmTC_59af3/fast"
/Library/Developer/CommandLineTools/usr/bin/make -f CMakeFiles/cmTC_59af3.dir/build.make CMakeFiles/cmTC_59af3.dir/build
Building C object CMakeFiles/cmTC_59af3.dir/src.c.o
/Library/Developer/CommandLineTools/usr/bin/cc  -I/usr/local/petsc-3.8.3/include  -DMULTIPASS_TEST_1_petsc_works_minimal   -o CMakeFiles/cmTC_59af3.dir/src.c.o   -c /Users/huyvo/Codes/C++/PETScFSP/CMakeFiles/CMakeTmp/src.c
Linking C executable cmTC_59af3
/Applications/CMake.app/Contents/bin/cmake -E cmake_link_script CMakeFiles/cmTC_59af3.dir/link.txt --verbose=1
/Library/Developer/CommandLineTools/usr/bin/cc  -DMULTIPASS_TEST_1_petsc_works_minimal -Wl,-search_paths_first -Wl,-headerpad_max_install_names  -lgfortran -lm   CMakeFiles/cmTC_59af3.dir/src.c.o  -o cmTC_59af3 /usr/local/petsc-3.8.3/lib/libpetsc.dylib 
Undefined symbols for architecture x86_64:
  "_ompi_mpi_comm_self", referenced from:
      _main in src.c.o
ld: symbol(s) not found for architecture x86_64
clang: error: linker command failed with exit code 1 (use -v to see invocation)
make[1]: *** [cmTC_59af3] Error 1
make: *** [cmTC_59af3/fast] Error 2

Return value: 1
Source file was:

static const char help[] = "PETSc test program.";
#include <petscts.h>
int main(int argc,char *argv[]) {
  PetscErrorCode ierr;
  TS ts;

  ierr = PetscInitialize(&argc,&argv,0,help);CHKERRQ(ierr);
  ierr = TSCreate(PETSC_COMM_WORLD,&ts);CHKERRQ(ierr);
  ierr = TSSetFromOptions(ts);CHKERRQ(ierr);
  ierr = TSDestroy(&ts);CHKERRQ(ierr);
  ierr = PetscFinalize();CHKERRQ(ierr);
  return 0;
}

Performing C SOURCE FILE Test MULTIPASS_TEST_2_petsc_works_allincludes failed with the following output:
Change Dir: /Users/huyvo/Codes/C++/PETScFSP/CMakeFiles/CMakeTmp

Run Build Command:"/usr/bin/make" "cmTC_52de4/fast"
/Library/Developer/CommandLineTools/usr/bin/make -f CMakeFiles/cmTC_52de4.dir/build.make CMakeFiles/cmTC_52de4.dir/build
Building C object CMakeFiles/cmTC_52de4.dir/src.c.o
/Library/Developer/CommandLineTools/usr/bin/cc  -I/usr/local/petsc-3.8.3/include  -DMULTIPASS_TEST_2_petsc_works_allincludes   -o CMakeFiles/cmTC_52de4.dir/src.c.o   -c /Users/huyvo/Codes/C++/PETScFSP/CMakeFiles/CMakeTmp/src.c
Linking C executable cmTC_52de4
/Applications/CMake.app/Contents/bin/cmake -E cmake_link_script CMakeFiles/cmTC_52de4.dir/link.txt --verbose=1
/Library/Developer/CommandLineTools/usr/bin/cc  -DMULTIPASS_TEST_2_petsc_works_allincludes -Wl,-search_paths_first -Wl,-headerpad_max_install_names  -lgfortran -lm   CMakeFiles/cmTC_52de4.dir/src.c.o  -o cmTC_52de4 /usr/local/petsc-3.8.3/lib/libpetsc.dylib 
Undefined symbols for architecture x86_64:
  "_ompi_mpi_comm_self", referenced from:
      _main in src.c.o
ld: symbol(s) not found for architecture x86_64
clang: error: linker command failed with exit code 1 (use -v to see invocation)
make[1]: *** [cmTC_52de4] Error 1
make: *** [cmTC_52de4/fast] Error 2

Return value: 1
Source file was:

static const char help[] = "PETSc test program.";
#include <petscts.h>
int main(int argc,char *argv[]) {
  PetscErrorCode ierr;
  TS ts;

  ierr = PetscInitialize(&argc,&argv,0,help);CHKERRQ(ierr);
  ierr = TSCreate(PETSC_COMM_WORLD,&ts);CHKERRQ(ierr);
  ierr = TSSetFromOptions(ts);CHKERRQ(ierr);
  ierr = TSDestroy(&ts);CHKERRQ(ierr);
  ierr = PetscFinalize();CHKERRQ(ierr);
  return 0;
}

Performing C SOURCE FILE Test MULTIPASS_TEST_1_petsc_works_minimal failed with the following output:
Change Dir: /Users/huyvo/Codes/C++/PETScFSP/CMakeFiles/CMakeTmp

Run Build Command:"/usr/bin/make" "cmTC_f45cc/fast"
/Library/Developer/CommandLineTools/usr/bin/make -f CMakeFiles/cmTC_f45cc.dir/build.make CMakeFiles/cmTC_f45cc.dir/build
Building C object CMakeFiles/cmTC_f45cc.dir/src.c.o
/Library/Developer/CommandLineTools/usr/bin/cc  -I/usr/local/petsc-3.8.3/include  -DMULTIPASS_TEST_1_petsc_works_minimal   -o CMakeFiles/cmTC_f45cc.dir/src.c.o   -c /Users/huyvo/Codes/C++/PETScFSP/CMakeFiles/CMakeTmp/src.c
Linking C executable cmTC_f45cc
/Applications/CMake.app/Contents/bin/cmake -E cmake_link_script CMakeFiles/cmTC_f45cc.dir/link.txt --verbose=1
/Library/Developer/CommandLineTools/usr/bin/cc  -DMULTIPASS_TEST_1_petsc_works_minimal -Wl,-search_paths_first -Wl,-headerpad_max_install_names  -lgfortran -lm   CMakeFiles/cmTC_f45cc.dir/src.c.o  -o cmTC_f45cc /usr/local/petsc-3.8.3/lib/libpetsc.dylib 
Undefined symbols for architecture x86_64:
  "_ompi_mpi_comm_self", referenced from:
      _main in src.c.o
ld: symbol(s) not found for architecture x86_64
clang: error: linker command failed with exit code 1 (use -v to see invocation)
make[1]: *** [cmTC_f45cc] Error 1
make: *** [cmTC_f45cc/fast] Error 2

Return value: 1
Source file was:

static const char help[] = "PETSc test program.";
#include <petscts.h>
int main(int argc,char *argv[]) {
  PetscErrorCode ierr;
  TS ts;

  ierr = PetscInitialize(&argc,&argv,0,help);CHKERRQ(ierr);
  ierr = TSCreate(PETSC_COMM_WORLD,&ts);CHKERRQ(ierr);
  ierr = TSSetFromOptions(ts);CHKERRQ(ierr);
  ierr = TSDestroy(&ts);CHKERRQ(ierr);
  ierr = PetscFinalize();CHKERRQ(ierr);
  return 0;
}

Performing C SOURCE FILE Test MULTIPASS_TEST_2_petsc_works_allincludes failed with the following output:
Change Dir: /Users/huyvo/Codes/C++/PETScFSP/CMakeFiles/CMakeTmp

Run Build Command:"/usr/bin/make" "cmTC_32193/fast"
/Library/Developer/CommandLineTools/usr/bin/make -f CMakeFiles/cmTC_32193.dir/build.make CMakeFiles/cmTC_32193.dir/build
Building C object CMakeFiles/cmTC_32193.dir/src.c.o
/Library/Developer/CommandLineTools/usr/bin/cc  -I/usr/local/petsc-3.8.3/include  -DMULTIPASS_TEST_2_petsc_works_allincludes   -o CMakeFiles/cmTC_32193.dir/src.c.o   -c /Users/huyvo/Codes/C++/PETScFSP/CMakeFiles/CMakeTmp/src.c
Linking C executable cmTC_32193
/Applications/CMake.app/Contents/bin/cmake -E cmake_link_script CMakeFiles/cmTC_32193.dir/link.txt --verbose=1
/Library/Developer/CommandLineTools/usr/bin/cc  -DMULTIPASS_TEST_2_petsc_works_allincludes -Wl,-search_paths_first -Wl,-headerpad_max_install_names  -lgfortran -lm   CMakeFiles/cmTC_32193.dir/src.c.o  -o cmTC_32193 /usr/local/petsc-3.8.3/lib/libpetsc.dylib 
Undefined symbols for architecture x86_64:
  "_ompi_mpi_comm_self", referenced from:
      _main in src.c.o
ld: symbol(s) not found for architecture x86_64
clang: error: linker command failed with exit code 1 (use -v to see invocation)
make[1]: *** [cmTC_32193] Error 1
make: *** [cmTC_32193/fast] Error 2

Return value: 1
Source file was:

static const char help[] = "PETSc test program.";
#include <petscts.h>
int main(int argc,char *argv[]) {
  PetscErrorCode ierr;
  TS ts;

  ierr = PetscInitialize(&argc,&argv,0,help);CHKERRQ(ierr);
  ierr = TSCreate(PETSC_COMM_WORLD,&ts);CHKERRQ(ierr);
  ierr = TSSetFromOptions(ts);CHKERRQ(ierr);
  ierr = TSDestroy(&ts);CHKERRQ(ierr);
  ierr = PetscFinalize();CHKERRQ(ierr);
  return 0;
}

Performing C SOURCE FILE Test MULTIPASS_TEST_1_petsc_works_minimal failed with the following output:
Change Dir: /Users/huyvo/Codes/C++/PETScFSP/CMakeFiles/CMakeTmp

Run Build Command:"/usr/bin/make" "cmTC_5e5eb/fast"
/Library/Developer/CommandLineTools/usr/bin/make -f CMakeFiles/cmTC_5e5eb.dir/build.make CMakeFiles/cmTC_5e5eb.dir/build
Building C object CMakeFiles/cmTC_5e5eb.dir/src.c.o
/Library/Developer/CommandLineTools/usr/bin/cc  -I/usr/local/petsc-3.8.3/include  -DMULTIPASS_TEST_1_petsc_works_minimal   -o CMakeFiles/cmTC_5e5eb.dir/src.c.o   -c /Users/huyvo/Codes/C++/PETScFSP/CMakeFiles/CMakeTmp/src.c
Linking C executable cmTC_5e5eb
/Applications/CMake.app/Contents/bin/cmake -E cmake_link_script CMakeFiles/cmTC_5e5eb.dir/link.txt --verbose=1
/Library/Developer/CommandLineTools/usr/bin/cc  -DMULTIPASS_TEST_1_petsc_works_minimal -Wl,-search_paths_first -Wl,-headerpad_max_install_names  -lgfortran -lm   CMakeFiles/cmTC_5e5eb.dir/src.c.o  -o cmTC_5e5eb /usr/local/petsc-3.8.3/lib/libpetsc.dylib 
Undefined symbols for architecture x86_64:
  "_ompi_mpi_comm_self", referenced from:
      _main in src.c.o
ld: symbol(s) not found for architecture x86_64
clang: error: linker command failed with exit code 1 (use -v to see invocation)
make[1]: *** [cmTC_5e5eb] Error 1
make: *** [cmTC_5e5eb/fast] Error 2

Return value: 1
Source file was:

static const char help[] = "PETSc test program.";
#include <petscts.h>
int main(int argc,char *argv[]) {
  PetscErrorCode ierr;
  TS ts;

  ierr = PetscInitialize(&argc,&argv,0,help);CHKERRQ(ierr);
  ierr = TSCreate(PETSC_COMM_WORLD,&ts);CHKERRQ(ierr);
  ierr = TSSetFromOptions(ts);CHKERRQ(ierr);
  ierr = TSDestroy(&ts);CHKERRQ(ierr);
  ierr = PetscFinalize();CHKERRQ(ierr);
  return 0;
}

Performing C SOURCE FILE Test MULTIPASS_TEST_2_petsc_works_allincludes failed with the following output:
Change Dir: /Users/huyvo/Codes/C++/PETScFSP/CMakeFiles/CMakeTmp

Run Build Command:"/usr/bin/make" "cmTC_0ae2f/fast"
/Library/Developer/CommandLineTools/usr/bin/make -f CMakeFiles/cmTC_0ae2f.dir/build.make CMakeFiles/cmTC_0ae2f.dir/build
Building C object CMakeFiles/cmTC_0ae2f.dir/src.c.o
/Library/Developer/CommandLineTools/usr/bin/cc  -I/usr/local/petsc-3.8.3/include  -DMULTIPASS_TEST_2_petsc_works_allincludes   -o CMakeFiles/cmTC_0ae2f.dir/src.c.o   -c /Users/huyvo/Codes/C++/PETScFSP/CMakeFiles/CMakeTmp/src.c
Linking C executable cmTC_0ae2f
/Applications/CMake.app/Contents/bin/cmake -E cmake_link_script CMakeFiles/cmTC_0ae2f.dir/link.txt --verbose=1
/Library/Developer/CommandLineTools/usr/bin/cc  -DMULTIPASS_TEST_2_petsc_works_allincludes -Wl,-search_paths_first -Wl,-headerpad_max_install_names  -lgfortran -lm   CMakeFiles/cmTC_0ae2f.dir/src.c.o  -o cmTC_0ae2f /usr/local/petsc-3.8.3/lib/libpetsc.dylib 
Undefined symbols for architecture x86_64:
  "_ompi_mpi_comm_self", referenced from:
      _main in src.c.o
ld: symbol(s) not found for architecture x86_64
clang: error: linker command failed with exit code 1 (use -v to see invocation)
make[1]: *** [cmTC_0ae2f] Error 1
make: *** [cmTC_0ae2f/fast] Error 2

Return value: 1
Source file was:

static const char help[] = "PETSc test program.";
#include <petscts.h>
int main(int argc,char *argv[]) {
  PetscErrorCode ierr;
  TS ts;

  ierr = PetscInitialize(&argc,&argv,0,help);CHKERRQ(ierr);
  ierr = TSCreate(PETSC_COMM_WORLD,&ts);CHKERRQ(ierr);
  ierr = TSSetFromOptions(ts);CHKERRQ(ierr);
  ierr = TSDestroy(&ts);CHKERRQ(ierr);
  ierr = PetscFinalize();CHKERRQ(ierr);
  return 0;
}

